TN:
SF:src/components/quests/CountingQuest.vue
FN:23,(anonymous_0)
FN:24,(anonymous_1)
FN:27,(anonymous_2)
FN:38,(anonymous_3)
FN:51,(anonymous_4)
FN:60,(anonymous_5)
FN:61,(anonymous_6)
FN:64,(anonymous_7)
FN:65,(anonymous_8)
FN:68,(anonymous_9)
FN:72,(anonymous_10)
FN:80,(anonymous_11)
FNF:12
FNH:12
FNDA:12,(anonymous_0)
FNDA:12,(anonymous_1)
FNDA:46,(anonymous_2)
FNDA:22,(anonymous_3)
FNDA:19,(anonymous_4)
FNDA:23,(anonymous_5)
FNDA:87,(anonymous_6)
FNDA:11,(anonymous_7)
FNDA:63,(anonymous_8)
FNDA:22,(anonymous_9)
FNDA:2,(anonymous_10)
FNDA:1,(anonymous_11)
DA:7,11
DA:12,11
DA:16,11
DA:17,11
DA:18,11
DA:19,11
DA:22,11
DA:23,12
DA:25,12
DA:26,12
DA:27,46
DA:29,12
DA:30,12
DA:31,12
DA:38,11
DA:40,22
DA:43,21
DA:44,1
DA:46,20
DA:51,11
DA:52,19
DA:53,19
DA:55,19
DA:56,19
DA:57,19
DA:60,11
DA:61,87
DA:64,11
DA:65,63
DA:68,11
DA:69,22
DA:72,11
DA:73,2
DA:74,2
DA:75,2
DA:77,2
DA:80,11
DA:81,1
DA:82,1
DA:83,1
DA:88,2
DA:90,2
DA:97,2
DA:98,2
DA:100,2
DA:101,63
DA:118,2
DA:129,2
DA:132,2
DA:135,2
LF:50
LH:50
BRDA:25,0,0,12
BRDA:25,0,1,0
BRDA:40,1,0,1
BRDA:40,1,1,21
BRDA:43,2,0,1
BRDA:43,2,1,20
BRDA:52,3,0,0
BRDA:52,3,1,19
BRDA:53,4,0,0
BRDA:53,4,1,19
BRDA:65,5,0,63
BRDA:65,5,1,0
BRDA:91,6,0,21
BRDA:91,6,1,11
BRDA:116,7,0,21
BRDA:116,7,1,11
BRDA:110,8,0,3
BRDA:110,8,1,18
BRDA:113,9,0,0
BRDA:113,9,1,18
BRDA:130,10,0,7
BRDA:130,10,1,14
BRDA:133,11,0,7
BRDA:133,11,1,7
BRF:24
BRH:19
end_of_record
TN:
SF:src/components/quests/MultipleChoiceQuest.vue
FN:15,(anonymous_0)
FN:19,(anonymous_1)
FN:35,(anonymous_2)
FNF:3
FNH:3
FNDA:7,(anonymous_0)
FNDA:2,(anonymous_1)
FNDA:2,(anonymous_2)
DA:5,9
DA:9,9
DA:13,9
DA:15,9
DA:16,7
DA:19,9
DA:20,2
DA:21,2
DA:26,2
DA:27,2
DA:31,2
DA:32,60
DA:35,2
DA:38,2
DA:41,2
DA:47,2
LF:16
LH:16
BRDA:21,0,0,2
BRDA:21,0,1,0
BRDA:39,1,0,6
BRDA:39,1,1,54
BRF:4
BRH:3
end_of_record
TN:
SF:src/services/storage.ts
FN:15,(anonymous_0)
FN:19,(anonymous_1)
FN:23,(anonymous_2)
FN:27,(anonymous_3)
FN:40,(anonymous_4)
FN:45,(anonymous_5)
FN:50,(anonymous_6)
FN:68,(anonymous_7)
FN:72,(anonymous_8)
FN:114,(anonymous_9)
FN:118,(anonymous_10)
FN:122,(anonymous_11)
FN:126,(anonymous_12)
FN:131,(anonymous_13)
FN:134,(anonymous_14)
FN:138,(anonymous_15)
FN:142,(anonymous_16)
FN:144,(anonymous_17)
FN:171,(anonymous_18)
FN:189,(anonymous_19)
FN:207,(anonymous_20)
FN:225,(anonymous_21)
FN:231,(anonymous_22)
FN:233,(anonymous_23)
FN:241,(anonymous_24)
FN:243,(anonymous_25)
FN:254,(anonymous_26)
FN:256,(anonymous_27)
FN:271,(anonymous_28)
FN:273,(anonymous_29)
FN:303,(anonymous_30)
FN:316,(anonymous_31)
FN:325,(anonymous_32)
FN:341,(anonymous_33)
FN:342,(anonymous_34)
FN:350,(anonymous_35)
FN:358,(anonymous_36)
FNF:37
FNH:35
FNDA:7,(anonymous_0)
FNDA:265,(anonymous_1)
FNDA:270,(anonymous_2)
FNDA:114,(anonymous_3)
FNDA:103,(anonymous_4)
FNDA:3296,(anonymous_5)
FNDA:285,(anonymous_6)
FNDA:101,(anonymous_7)
FNDA:6,(anonymous_8)
FNDA:4,(anonymous_9)
FNDA:4,(anonymous_10)
FNDA:90,(anonymous_11)
FNDA:90,(anonymous_12)
FNDA:0,(anonymous_13)
FNDA:88,(anonymous_14)
FNDA:3,(anonymous_15)
FNDA:58,(anonymous_16)
FNDA:58,(anonymous_17)
FNDA:347,(anonymous_18)
FNDA:184,(anonymous_19)
FNDA:41,(anonymous_20)
FNDA:0,(anonymous_21)
FNDA:21,(anonymous_22)
FNDA:21,(anonymous_23)
FNDA:21,(anonymous_24)
FNDA:21,(anonymous_25)
FNDA:21,(anonymous_26)
FNDA:21,(anonymous_27)
FNDA:8,(anonymous_28)
FNDA:8,(anonymous_29)
FNDA:3,(anonymous_30)
FNDA:1,(anonymous_31)
FNDA:13,(anonymous_32)
FNDA:107,(anonymous_33)
FNDA:428,(anonymous_34)
FNDA:1,(anonymous_35)
FNDA:1,(anonymous_36)
DA:3,7
DA:4,7
DA:12,7
DA:13,7
DA:16,7
DA:20,265
DA:24,270
DA:28,114
DA:29,114
DA:30,114
DA:31,114
DA:32,114
DA:41,103
DA:42,103
DA:43,103
DA:44,103
DA:45,3296
DA:46,103
DA:51,285
DA:52,85
DA:55,200
DA:56,200
DA:57,200
DA:58,285
DA:59,285
DA:61,0
DA:62,0
DA:63,0
DA:64,0
DA:69,101
DA:72,101
DA:73,2
DA:76,99
DA:77,99
DA:95,99
DA:96,99
DA:97,99
DA:100,99
DA:101,99
DA:108,99
DA:109,99
DA:111,99
DA:115,4
DA:116,4
DA:118,4
DA:119,4
DA:123,90
DA:127,90
DA:128,90
DA:130,0
DA:131,0
DA:135,88
DA:139,3
DA:143,58
DA:144,58
DA:146,58
DA:147,0
DA:150,58
DA:151,58
DA:152,0
DA:155,58
DA:166,58
DA:167,58
DA:172,347
DA:173,148
DA:176,199
DA:177,199
DA:178,199
DA:179,347
DA:180,347
DA:182,0
DA:183,0
DA:184,0
DA:185,0
DA:190,184
DA:192,184
DA:193,0
DA:200,0
DA:201,0
DA:204,184
DA:208,41
DA:210,41
DA:211,0
DA:220,41
DA:221,41
DA:222,41
DA:226,0
DA:227,0
DA:232,21
DA:233,21
DA:234,21
DA:236,21
DA:242,21
DA:243,21
DA:244,21
DA:246,21
DA:251,21
DA:255,21
DA:256,21
DA:257,21
DA:260,21
DA:262,21
DA:263,8
DA:264,8
DA:267,13
DA:272,8
DA:273,8
DA:274,8
DA:276,8
DA:277,1
DA:280,7
DA:283,7
DA:284,0
DA:288,7
DA:293,7
DA:294,7
DA:295,7
DA:296,7
DA:297,7
DA:300,7
DA:304,3
DA:306,3
DA:307,0
DA:310,3
DA:312,3
DA:315,3
DA:316,1
DA:318,2
DA:321,3
DA:322,3
DA:326,13
DA:328,13
DA:329,1
DA:332,12
DA:333,12
DA:335,12
DA:336,12
DA:337,12
DA:342,107
DA:343,428
DA:345,107
DA:346,107
DA:347,107
DA:351,1
DA:359,1
DA:360,1
DA:361,1
DA:362,1
DA:363,1
DA:364,1
DA:365,1
DA:367,0
DA:368,0
DA:374,7
LF:154
LH:132
BRDA:29,0,0,114
BRDA:29,0,1,0
BRDA:51,1,0,85
BRDA:51,1,1,200
BRDA:57,2,0,200
BRDA:57,2,1,0
BRDA:72,3,0,2
BRDA:72,3,1,99
BRDA:118,4,0,4
BRDA:118,4,1,4
BRDA:119,5,0,4
BRDA:119,5,1,2
BRDA:128,6,0,90
BRDA:128,6,1,0
BRDA:131,7,0,0
BRDA:131,7,1,0
BRDA:146,8,0,0
BRDA:146,8,1,58
BRDA:151,9,0,0
BRDA:151,9,1,58
BRDA:160,10,0,58
BRDA:160,10,1,50
BRDA:161,11,0,58
BRDA:161,11,1,29
BRDA:162,12,0,58
BRDA:162,12,1,37
BRDA:163,13,0,58
BRDA:163,13,1,58
BRDA:164,14,0,58
BRDA:164,14,1,58
BRDA:172,15,0,148
BRDA:172,15,1,199
BRDA:178,16,0,199
BRDA:178,16,1,0
BRDA:192,17,0,0
BRDA:192,17,1,184
BRDA:210,18,0,0
BRDA:210,18,1,41
BRDA:227,19,0,0
BRDA:227,19,1,0
BRDA:234,20,0,0
BRDA:234,20,1,21
BRDA:244,21,0,0
BRDA:244,21,1,21
BRDA:257,22,0,0
BRDA:257,22,1,21
BRDA:262,23,0,8
BRDA:262,23,1,13
BRDA:274,24,0,0
BRDA:274,24,1,8
BRDA:276,25,0,1
BRDA:276,25,1,7
BRDA:283,26,0,0
BRDA:283,26,1,7
BRDA:294,27,0,7
BRDA:294,27,1,0
BRDA:306,28,0,0
BRDA:306,28,1,3
BRDA:312,29,0,0
BRDA:312,29,1,3
BRDA:315,30,0,1
BRDA:315,30,1,2
BRDA:328,31,0,1
BRDA:328,31,1,12
BRDA:333,32,0,0
BRDA:333,32,1,12
BRDA:361,33,0,1
BRDA:361,33,1,0
BRDA:362,34,0,1
BRDA:362,34,1,0
BRDA:363,35,0,1
BRDA:363,35,1,0
BRF:72
BRH:48
end_of_record
TN:
SF:src/stores/auth.ts
FN:6,(anonymous_0)
FN:8,(anonymous_1)
FN:10,(anonymous_2)
FN:14,(anonymous_3)
FN:29,(anonymous_4)
FN:41,(anonymous_5)
FN:46,(anonymous_6)
FN:48,(anonymous_7)
FN:55,(anonymous_8)
FN:58,(anonymous_9)
FN:65,(anonymous_10)
FNF:11
FNH:11
FNDA:90,(anonymous_0)
FNDA:3,(anonymous_1)
FNDA:90,(anonymous_2)
FNDA:2,(anonymous_3)
FNDA:83,(anonymous_4)
FNDA:3,(anonymous_5)
FNDA:1,(anonymous_6)
FNDA:1,(anonymous_7)
FNDA:42,(anonymous_8)
FNDA:42,(anonymous_9)
FNDA:1,(anonymous_10)
DA:6,6
DA:7,90
DA:8,90
DA:10,90
DA:11,90
DA:14,90
DA:15,2
DA:16,2
DA:17,2
DA:18,1
DA:19,1
DA:20,1
DA:22,1
DA:24,0
DA:25,0
DA:29,90
DA:30,83
DA:31,83
DA:32,82
DA:33,82
DA:34,82
DA:36,1
DA:37,1
DA:41,90
DA:42,3
DA:43,3
DA:46,90
DA:47,1
DA:48,1
DA:49,1
DA:50,1
DA:51,1
DA:55,90
DA:56,42
DA:57,42
DA:58,42
DA:59,42
DA:60,42
DA:65,90
DA:66,1
DA:70,90
DA:72,90
LF:42
LH:40
BRDA:17,0,0,1
BRDA:17,0,1,1
BRDA:49,1,0,1
BRDA:49,1,1,0
BRDA:56,2,0,42
BRDA:56,2,1,0
BRDA:59,3,0,42
BRDA:59,3,1,0
BRF:8
BRH:5
end_of_record
TN:
SF:src/stores/progress.ts
FN:7,(anonymous_0)
FN:13,(anonymous_1)
FN:20,(anonymous_2)
FN:24,(anonymous_3)
FN:45,(anonymous_4)
FN:73,(anonymous_5)
FN:77,(anonymous_6)
FN:82,(anonymous_7)
FN:83,(anonymous_8)
FNF:9
FNH:9
FNDA:51,(anonymous_0)
FNDA:74,(anonymous_1)
FNDA:46,(anonymous_2)
FNDA:29,(anonymous_3)
FNDA:13,(anonymous_4)
FNDA:10,(anonymous_5)
FNDA:3,(anonymous_6)
FNDA:26,(anonymous_7)
FNDA:3,(anonymous_8)
DA:7,3
DA:8,51
DA:10,51
DA:11,51
DA:13,51
DA:14,74
DA:16,74
DA:17,74
DA:20,51
DA:21,46
DA:24,51
DA:25,29
DA:27,28
DA:29,28
DA:30,27
DA:38,27
DA:39,27
DA:42,28
DA:45,51
DA:51,13
DA:53,12
DA:61,13
DA:69,13
DA:70,13
DA:73,51
DA:74,10
DA:77,51
DA:78,3
DA:79,3
DA:82,51
DA:83,26
DA:87,51
DA:88,48
DA:91,51
LF:34
LH:34
BRDA:14,0,0,0
BRDA:14,0,1,74
BRDA:21,1,0,46
BRDA:21,1,1,28
BRDA:25,2,0,1
BRDA:25,2,1,28
BRDA:29,3,0,27
BRDA:29,3,1,1
BRDA:49,4,0,13
BRDA:51,5,0,1
BRDA:51,5,1,12
BRDA:53,6,0,12
BRDA:53,6,1,0
BRDA:65,7,0,11
BRDA:65,7,1,1
BRDA:66,8,0,11
BRDA:66,8,1,1
BRDA:87,9,0,48
BRDA:87,9,1,3
BRF:19
BRH:17
end_of_record
TN:
SF:src/stores/rewards.ts
FN:8,(anonymous_0)
FN:16,(anonymous_1)
FN:25,(anonymous_2)
FN:29,(anonymous_3)
FN:33,(anonymous_4)
FN:53,(anonymous_5)
FN:61,(anonymous_6)
FN:67,(anonymous_7)
FN:75,(anonymous_8)
FN:79,(anonymous_9)
FN:100,(anonymous_10)
FNF:11
FNH:10
FNDA:55,(anonymous_0)
FNDA:82,(anonymous_1)
FNDA:11,(anonymous_2)
FNDA:7,(anonymous_3)
FNDA:5,(anonymous_4)
FNDA:3,(anonymous_5)
FNDA:2,(anonymous_6)
FNDA:11,(anonymous_7)
FNDA:19,(anonymous_8)
FNDA:5,(anonymous_9)
FNDA:0,(anonymous_10)
DA:8,3
DA:9,55
DA:10,55
DA:12,55
DA:13,55
DA:14,55
DA:16,55
DA:17,82
DA:19,82
DA:20,82
DA:21,82
DA:22,82
DA:25,55
DA:26,11
DA:29,55
DA:30,7
DA:33,55
DA:34,5
DA:36,4
DA:37,3
DA:39,2
DA:45,2
DA:46,2
DA:47,2
DA:50,2
DA:53,55
DA:54,3
DA:55,3
DA:57,2
DA:60,2
DA:61,2
DA:63,0
DA:67,55
DA:68,11
DA:69,10
DA:71,9
DA:72,9
DA:75,55
DA:76,19
DA:79,55
DA:80,5
DA:82,4
DA:84,4
DA:87,0
DA:90,0
DA:92,2
DA:94,2
DA:96,0
DA:100,55
DA:103,0
DA:107,55
DA:108,52
DA:111,55
LF:53
LH:48
BRDA:17,0,0,0
BRDA:17,0,1,82
BRDA:34,1,0,1
BRDA:34,1,1,4
BRDA:36,2,0,1
BRDA:36,2,1,3
BRDA:37,3,0,1
BRDA:37,3,1,2
BRDA:45,4,0,2
BRDA:45,4,1,0
BRDA:54,5,0,0
BRDA:54,5,1,3
BRDA:55,6,0,1
BRDA:55,6,1,2
BRDA:60,7,0,2
BRDA:60,7,1,0
BRDA:68,8,0,1
BRDA:68,8,1,10
BRDA:69,9,0,1
BRDA:69,9,1,9
BRDA:80,10,0,1
BRDA:80,10,1,4
BRDA:84,11,0,0
BRDA:84,11,1,0
BRDA:84,11,2,2
BRDA:84,11,3,2
BRDA:84,11,4,0
BRDA:107,12,0,52
BRDA:107,12,1,3
BRF:29
BRH:22
end_of_record
TN:
SF:src/stores/userStats.ts
FN:6,(anonymous_0)
FN:9,(anonymous_1)
FN:10,(anonymous_2)
FN:11,(anonymous_3)
FN:13,(anonymous_4)
FN:18,(anonymous_5)
FN:23,(anonymous_6)
FN:30,(anonymous_7)
FN:46,(anonymous_8)
FN:50,(anonymous_9)
FNF:10
FNH:10
FNDA:70,(anonymous_0)
FNDA:57,(anonymous_1)
FNDA:52,(anonymous_2)
FNDA:43,(anonymous_3)
FNDA:30,(anonymous_4)
FNDA:30,(anonymous_5)
FNDA:20,(anonymous_6)
FNDA:21,(anonymous_7)
FNDA:10,(anonymous_8)
FNDA:3,(anonymous_9)
DA:6,4
DA:7,70
DA:9,70
DA:10,70
DA:11,70
DA:13,70
DA:14,30
DA:15,30
DA:18,70
DA:19,30
DA:20,30
DA:23,70
DA:24,20
DA:26,19
DA:27,19
DA:30,70
DA:31,21
DA:33,20
DA:34,20
DA:35,20
DA:38,20
DA:39,20
DA:40,7
DA:43,13
DA:46,70
DA:47,10
DA:50,70
DA:51,3
DA:53,1
DA:55,1
DA:58,1
DA:60,1
DA:63,70
LF:33
LH:33
BRDA:9,0,0,57
BRDA:9,0,1,1
BRDA:10,1,0,52
BRDA:10,1,1,32
BRDA:11,2,0,43
BRDA:11,2,1,30
BRDA:24,3,0,1
BRDA:24,3,1,19
BRDA:31,4,0,1
BRDA:31,4,1,20
BRDA:39,5,0,7
BRDA:39,5,1,13
BRDA:51,6,0,2
BRDA:51,6,1,1
BRDA:53,7,0,0
BRDA:53,7,1,1
BRF:16
BRH:15
end_of_record
TN:
SF:src/views/DashboardView.vue
FN:16,(anonymous_0)
FN:21,(anonymous_1)
FN:25,(anonymous_2)
FN:29,(anonymous_3)
FN:33,(anonymous_4)
FNF:5
FNH:5
FNDA:23,(anonymous_0)
FNDA:2,(anonymous_1)
FNDA:2,(anonymous_2)
FNDA:2,(anonymous_3)
FNDA:23,(anonymous_4)
DA:10,23
DA:11,23
DA:12,23
DA:13,23
DA:14,23
DA:16,23
DA:17,23
DA:18,23
DA:21,23
DA:22,2
DA:25,23
DA:26,2
DA:29,23
DA:30,2
DA:33,23
DA:34,23
DA:35,23
DA:36,22
DA:37,21
DA:42,1
DA:43,1
DA:48,1
DA:49,1
DA:50,1
DA:56,1
DA:57,1
DA:59,1
DA:60,1
DA:65,1
DA:67,1
DA:68,1
DA:73,1
DA:75,1
DA:76,1
DA:81,1
DA:83,1
DA:84,1
DA:92,1
DA:93,1
DA:95,1
DA:100,1
LF:41
LH:41
BRDA:35,0,0,1
BRDA:35,0,1,22
BRDA:36,1,0,1
BRDA:36,1,1,21
BRDA:46,2,0,27
BRDA:46,2,1,23
BRDA:52,3,0,27
BRDA:52,3,1,23
BRDA:63,4,0,27
BRDA:63,4,1,23
BRDA:60,5,0,27
BRDA:60,5,1,23
BRDA:71,6,0,27
BRDA:71,6,1,23
BRDA:68,7,0,27
BRDA:68,7,1,23
BRDA:79,8,0,27
BRDA:79,8,1,23
BRDA:76,9,0,27
BRDA:76,9,1,23
BRDA:89,10,0,27
BRDA:89,10,1,23
BRDA:85,11,0,27
BRDA:85,11,1,23
BRDA:99,12,0,27
BRDA:99,12,1,23
BRDA:108,13,0,27
BRDA:108,13,1,23
BRDA:131,14,0,27
BRDA:131,14,1,23
BRDA:134,15,0,27
BRDA:134,15,1,23
BRDA:138,16,0,27
BRDA:138,16,1,23
BRF:34
BRH:34
end_of_record
TN:
SF:src/views/QuestView.vue
FN:42,(anonymous_0)
FN:43,(anonymous_1)
FN:54,(anonymous_2)
FN:59,(anonymous_3)
FN:75,(anonymous_4)
FN:87,(anonymous_5)
FN:105,(anonymous_6)
FN:144,(anonymous_7)
FN:149,(anonymous_8)
FN:157,(anonymous_9)
FNF:10
FNH:10
FNDA:16,(anonymous_0)
FNDA:16,(anonymous_1)
FNDA:22,(anonymous_2)
FNDA:17,(anonymous_3)
FNDA:11,(anonymous_4)
FNDA:5,(anonymous_5)
FNDA:10,(anonymous_6)
FNDA:1,(anonymous_7)
FNDA:2,(anonymous_8)
FNDA:1,(anonymous_9)
DA:18,16
DA:19,16
DA:20,16
DA:21,16
DA:22,16
DA:24,16
DA:25,16
DA:26,16
DA:27,16
DA:28,16
DA:29,16
DA:30,16
DA:35,16
DA:36,16
DA:37,16
DA:40,1
DA:42,16
DA:43,16
DA:44,16
DA:45,16
DA:46,16
DA:47,16
DA:48,16
DA:50,0
DA:54,16
DA:55,22
DA:56,22
DA:59,16
DA:60,17
DA:61,16
DA:62,16
DA:63,16
DA:65,1
DA:66,1
DA:70,17
DA:71,1
DA:75,17
DA:76,11
DA:77,6
DA:78,6
DA:79,6
DA:81,5
DA:83,11
DA:87,16
DA:88,5
DA:91,5
DA:92,5
DA:95,5
DA:98,5
DA:99,5
DA:102,5
DA:103,5
DA:105,5
DA:106,10
DA:108,10
DA:109,10
DA:111,10
DA:112,5
DA:113,5
DA:114,0
DA:115,5
DA:116,5
DA:117,0
DA:118,0
DA:121,10
DA:122,6
DA:123,6
DA:128,5
DA:134,5
DA:135,5
DA:136,0
DA:139,5
DA:140,5
DA:141,5
DA:144,16
DA:145,1
DA:146,1
DA:149,16
DA:151,2
DA:152,1
DA:154,2
DA:157,16
DA:158,1
DA:159,1
DA:165,1
DA:166,1
DA:168,1
DA:173,1
DA:184,1
DA:186,1
DA:187,1
LF:91
LH:86
BRDA:44,0,0,16
BRDA:44,0,1,0
BRDA:55,1,0,0
BRDA:55,1,1,22
BRDA:60,2,0,16
BRDA:60,2,1,1
BRDA:70,3,0,1
BRDA:70,3,1,16
BRDA:76,4,0,6
BRDA:76,4,1,5
BRDA:76,5,0,11
BRDA:76,5,1,0
BRDA:88,6,0,0
BRDA:88,6,1,5
BRDA:106,7,0,0
BRDA:106,7,1,10
BRDA:111,8,0,5
BRDA:111,8,1,5
BRDA:111,9,0,10
BRDA:111,9,1,5
BRDA:113,10,0,0
BRDA:113,10,1,5
BRDA:115,11,0,5
BRDA:115,11,1,0
BRDA:117,12,0,0
BRDA:117,12,1,0
BRDA:121,13,0,6
BRDA:121,13,1,4
BRDA:135,14,0,0
BRDA:135,14,1,5
BRDA:135,15,0,5
BRDA:135,15,1,5
BRDA:151,16,0,1
BRDA:151,16,1,1
BRDA:158,17,0,1
BRDA:158,17,1,0
BRDA:191,18,0,27
BRDA:191,18,1,16
BRDA:198,19,0,0
BRDA:198,19,1,16
BRDA:206,20,0,43
BRDA:206,20,1,0
BRF:42
BRH:29
end_of_record
